<?xml version="1.0" encoding="UTF-8"?>
<!-- Generated by org.testng.reporters.JUnitReportReporter -->
<testsuite skipped="0" hostname="Sonalis-MacBook-Pro.local" name="RahulShetty" tests="1" failures="0" timestamp="2021-05-05T11:29:05 IST" time="24.125" errors="0">
  <testcase name="testRapidoStaging" time="24.125" classname="RahulShetty"/>
  <system-out/>
</testsuite> <!-- RahulShetty -->
